{"C:\\repo\\github\\react-express-server-api\\server\\server.js": {"path":"C:\\repo\\github\\react-express-server-api\\server\\server.js","statementMap":{"0":{"start":{"line":3,"column":0},"end":{"line":3,"column":16}},"1":{"start":{"line":15,"column":0},"end":{"line":20,"column":1}},"2":{"start":{"line":16,"column":2},"end":{"line":16,"column":30}},"3":{"start":{"line":18,"column":2},"end":{"line":18,"column":58}},"4":{"start":{"line":19,"column":2},"end":{"line":19,"column":18}},"5":{"start":{"line":24,"column":12},"end":{"line":24,"column":21}},"6":{"start":{"line":25,"column":13},"end":{"line":25,"column":37}},"7":{"start":{"line":28,"column":0},"end":{"line":35,"column":2}},"8":{"start":{"line":36,"column":0},"end":{"line":36,"column":18}},"9":{"start":{"line":37,"column":0},"end":{"line":37,"column":23}},"10":{"start":{"line":38,"column":0},"end":{"line":38,"column":24}},"11":{"start":{"line":39,"column":0},"end":{"line":43,"column":2}},"12":{"start":{"line":47,"column":16},"end":{"line":56,"column":2}},"13":{"start":{"line":59,"column":21},"end":{"line":66,"column":2}},"14":{"start":{"line":70,"column":0},"end":{"line":70,"column":17}},"15":{"start":{"line":73,"column":0},"end":{"line":90,"column":3}},"16":{"start":{"line":74,"column":2},"end":{"line":89,"column":3}},"17":{"start":{"line":76,"column":4},"end":{"line":76,"column":30}},"18":{"start":{"line":77,"column":21},"end":{"line":77,"column":64}},"19":{"start":{"line":78,"column":18},"end":{"line":78,"column":36}},"20":{"start":{"line":81,"column":4},"end":{"line":83,"column":7}},"21":{"start":{"line":85,"column":4},"end":{"line":85,"column":62}},"22":{"start":{"line":86,"column":4},"end":{"line":88,"column":7}},"23":{"start":{"line":92,"column":0},"end":{"line":116,"column":2}},"24":{"start":{"line":99,"column":19},"end":{"line":99,"column":40}},"25":{"start":{"line":100,"column":4},"end":{"line":102,"column":5}},"26":{"start":{"line":101,"column":6},"end":{"line":101,"column":62}},"27":{"start":{"line":104,"column":35},"end":{"line":104,"column":43}},"28":{"start":{"line":106,"column":4},"end":{"line":114,"column":5}},"29":{"start":{"line":107,"column":23},"end":{"line":107,"column":91}},"30":{"start":{"line":108,"column":6},"end":{"line":110,"column":9}},"31":{"start":{"line":112,"column":6},"end":{"line":112,"column":76}},"32":{"start":{"line":113,"column":6},"end":{"line":113,"column":63}},"33":{"start":{"line":119,"column":0},"end":{"line":157,"column":2}},"34":{"start":{"line":129,"column":18},"end":{"line":129,"column":58}},"35":{"start":{"line":130,"column":4},"end":{"line":130,"column":61}},"36":{"start":{"line":132,"column":4},"end":{"line":135,"column":5}},"37":{"start":{"line":133,"column":6},"end":{"line":133,"column":56}},"38":{"start":{"line":134,"column":6},"end":{"line":134,"column":79}},"39":{"start":{"line":137,"column":19},"end":{"line":137,"column":40}},"40":{"start":{"line":138,"column":4},"end":{"line":141,"column":5}},"41":{"start":{"line":139,"column":6},"end":{"line":139,"column":64}},"42":{"start":{"line":140,"column":6},"end":{"line":140,"column":62}},"43":{"start":{"line":143,"column":4},"end":{"line":155,"column":5}},"44":{"start":{"line":145,"column":23},"end":{"line":149,"column":8}},"45":{"start":{"line":151,"column":6},"end":{"line":151,"column":42}},"46":{"start":{"line":153,"column":6},"end":{"line":153,"column":77}},"47":{"start":{"line":154,"column":6},"end":{"line":154,"column":82}},"48":{"start":{"line":161,"column":0},"end":{"line":171,"column":3}},"49":{"start":{"line":162,"column":2},"end":{"line":162,"column":31}},"50":{"start":{"line":164,"column":2},"end":{"line":166,"column":3}},"51":{"start":{"line":165,"column":4},"end":{"line":165,"column":86}},"52":{"start":{"line":168,"column":2},"end":{"line":170,"column":5}},"53":{"start":{"line":173,"column":0},"end":{"line":194,"column":3}},"54":{"start":{"line":174,"column":2},"end":{"line":193,"column":3}},"55":{"start":{"line":176,"column":21},"end":{"line":176,"column":64}},"56":{"start":{"line":178,"column":4},"end":{"line":185,"column":7}},"57":{"start":{"line":187,"column":4},"end":{"line":192,"column":7}},"58":{"start":{"line":199,"column":0},"end":{"line":203,"column":1}},"59":{"start":{"line":200,"column":2},"end":{"line":202,"column":5}},"60":{"start":{"line":201,"column":4},"end":{"line":201,"column":65}}},"fnMap":{"0":{"name":"(anonymous_0)","decl":{"start":{"line":73,"column":22},"end":{"line":73,"column":23}},"loc":{"start":{"line":73,"column":42},"end":{"line":90,"column":1}},"line":73},"1":{"name":"(anonymous_1)","decl":{"start":{"line":98,"column":2},"end":{"line":98,"column":3}},"loc":{"start":{"line":98,"column":22},"end":{"line":115,"column":3}},"line":98},"2":{"name":"(anonymous_2)","decl":{"start":{"line":128,"column":2},"end":{"line":128,"column":3}},"loc":{"start":{"line":128,"column":22},"end":{"line":156,"column":3}},"line":128},"3":{"name":"(anonymous_3)","decl":{"start":{"line":161,"column":8},"end":{"line":161,"column":9}},"loc":{"start":{"line":161,"column":33},"end":{"line":171,"column":1}},"line":161},"4":{"name":"(anonymous_4)","decl":{"start":{"line":173,"column":19},"end":{"line":173,"column":20}},"loc":{"start":{"line":173,"column":39},"end":{"line":194,"column":1}},"line":173},"5":{"name":"(anonymous_5)","decl":{"start":{"line":200,"column":19},"end":{"line":200,"column":20}},"loc":{"start":{"line":200,"column":25},"end":{"line":202,"column":3}},"line":200}},"branchMap":{"0":{"loc":{"start":{"line":25,"column":13},"end":{"line":25,"column":37}},"type":"binary-expr","locations":[{"start":{"line":25,"column":13},"end":{"line":25,"column":29}},{"start":{"line":25,"column":33},"end":{"line":25,"column":37}}],"line":25},"1":{"loc":{"start":{"line":100,"column":4},"end":{"line":102,"column":5}},"type":"if","locations":[{"start":{"line":100,"column":4},"end":{"line":102,"column":5}},{"start":{},"end":{}}],"line":100},"2":{"loc":{"start":{"line":109,"column":21},"end":{"line":109,"column":69}},"type":"binary-expr","locations":[{"start":{"line":109,"column":21},"end":{"line":109,"column":40}},{"start":{"line":109,"column":44},"end":{"line":109,"column":69}}],"line":109},"3":{"loc":{"start":{"line":112,"column":37},"end":{"line":112,"column":74}},"type":"binary-expr","locations":[{"start":{"line":112,"column":37},"end":{"line":112,"column":57}},{"start":{"line":112,"column":61},"end":{"line":112,"column":74}}],"line":112},"4":{"loc":{"start":{"line":132,"column":4},"end":{"line":135,"column":5}},"type":"if","locations":[{"start":{"line":132,"column":4},"end":{"line":135,"column":5}},{"start":{},"end":{}}],"line":132},"5":{"loc":{"start":{"line":138,"column":4},"end":{"line":141,"column":5}},"type":"if","locations":[{"start":{"line":138,"column":4},"end":{"line":141,"column":5}},{"start":{},"end":{}}],"line":138},"6":{"loc":{"start":{"line":164,"column":2},"end":{"line":166,"column":3}},"type":"if","locations":[{"start":{"line":164,"column":2},"end":{"line":166,"column":3}},{"start":{},"end":{}}],"line":164},"7":{"loc":{"start":{"line":168,"column":13},"end":{"line":168,"column":30}},"type":"binary-expr","locations":[{"start":{"line":168,"column":13},"end":{"line":168,"column":23}},{"start":{"line":168,"column":27},"end":{"line":168,"column":30}}],"line":168},"8":{"loc":{"start":{"line":169,"column":11},"end":{"line":169,"column":57}},"type":"binary-expr","locations":[{"start":{"line":169,"column":11},"end":{"line":169,"column":22}},{"start":{"line":169,"column":26},"end":{"line":169,"column":57}}],"line":169},"9":{"loc":{"start":{"line":199,"column":0},"end":{"line":203,"column":1}},"type":"if","locations":[{"start":{"line":199,"column":0},"end":{"line":203,"column":1}},{"start":{},"end":{}}],"line":199}},"s":{"0":1,"1":1,"2":1,"3":0,"4":0,"5":1,"6":1,"7":1,"8":1,"9":1,"10":1,"11":1,"12":1,"13":1,"14":1,"15":1,"16":95,"17":95,"18":95,"19":1,"20":1,"21":94,"22":94,"23":1,"24":2,"25":2,"26":0,"27":2,"28":2,"29":2,"30":1,"31":1,"32":1,"33":1,"34":2,"35":2,"36":2,"37":1,"38":1,"39":1,"40":1,"41":0,"42":0,"43":1,"44":1,"45":1,"46":0,"47":0,"48":1,"49":0,"50":0,"51":0,"52":0,"53":1,"54":1,"55":1,"56":1,"57":0,"58":1,"59":0,"60":0},"f":{"0":95,"1":2,"2":2,"3":0,"4":1,"5":0},"b":{"0":[1,0],"1":[0,2],"2":[1,0],"3":[1,1],"4":[1,1],"5":[0,1],"6":[0,0],"7":[0,0],"8":[0,0],"9":[0,1]},"_coverageSchema":"1a1c01bbd47fc00a2c39e90264f33305004495a9","hash":"d72d8046f2f824ee49f4513bfc9cbe1d165247f4"}
,"C:\\repo\\github\\react-express-server-api\\server\\middleware\\validateEnv.js": {"path":"C:\\repo\\github\\react-express-server-api\\server\\middleware\\validateEnv.js","statementMap":{"0":{"start":{"line":3,"column":18},"end":{"line":12,"column":16}},"1":{"start":{"line":14,"column":28},"end":{"line":24,"column":1}},"2":{"start":{"line":15,"column":27},"end":{"line":15,"column":58}},"3":{"start":{"line":17,"column":2},"end":{"line":20,"column":3}},"4":{"start":{"line":18,"column":4},"end":{"line":18,"column":66}},"5":{"start":{"line":19,"column":4},"end":{"line":19,"column":71}},"6":{"start":{"line":22,"column":2},"end":{"line":22,"column":52}},"7":{"start":{"line":23,"column":2},"end":{"line":23,"column":15}}},"fnMap":{"0":{"name":"(anonymous_0)","decl":{"start":{"line":14,"column":28},"end":{"line":14,"column":29}},"loc":{"start":{"line":14,"column":34},"end":{"line":24,"column":1}},"line":14}},"branchMap":{"0":{"loc":{"start":{"line":17,"column":2},"end":{"line":20,"column":3}},"type":"if","locations":[{"start":{"line":17,"column":2},"end":{"line":20,"column":3}},{"start":{},"end":{}}],"line":17}},"s":{"0":1,"1":1,"2":2,"3":2,"4":1,"5":1,"6":1,"7":1},"f":{"0":2},"b":{"0":[1,1]},"_coverageSchema":"1a1c01bbd47fc00a2c39e90264f33305004495a9","hash":"71152986b22d03aec88e13597b9fb7ee4fa1b6d8"}
}
