TN:
SF:server\server.js
FN:73,(anonymous_0)
FN:98,(anonymous_1)
FN:128,(anonymous_2)
FN:161,(anonymous_3)
FN:173,(anonymous_4)
FN:200,(anonymous_5)
FNF:6
FNH:4
FNDA:95,(anonymous_0)
FNDA:2,(anonymous_1)
FNDA:2,(anonymous_2)
FNDA:0,(anonymous_3)
FNDA:1,(anonymous_4)
FNDA:0,(anonymous_5)
DA:3,1
DA:15,1
DA:16,1
DA:18,0
DA:19,0
DA:24,1
DA:25,1
DA:28,1
DA:36,1
DA:37,1
DA:38,1
DA:39,1
DA:47,1
DA:59,1
DA:70,1
DA:73,1
DA:74,95
DA:76,95
DA:77,95
DA:78,1
DA:81,1
DA:85,94
DA:86,94
DA:92,1
DA:99,2
DA:100,2
DA:101,0
DA:104,2
DA:106,2
DA:107,2
DA:108,1
DA:112,1
DA:113,1
DA:119,1
DA:129,2
DA:130,2
DA:132,2
DA:133,1
DA:134,1
DA:137,1
DA:138,1
DA:139,0
DA:140,0
DA:143,1
DA:145,1
DA:151,1
DA:153,0
DA:154,0
DA:161,1
DA:162,0
DA:164,0
DA:165,0
DA:168,0
DA:173,1
DA:174,1
DA:176,1
DA:178,1
DA:187,0
DA:199,1
DA:200,0
DA:201,0
LF:61
LH:47
BRDA:25,0,0,1
BRDA:25,0,1,0
BRDA:100,1,0,0
BRDA:100,1,1,2
BRDA:109,2,0,1
BRDA:109,2,1,0
BRDA:112,3,0,1
BRDA:112,3,1,1
BRDA:132,4,0,1
BRDA:132,4,1,1
BRDA:138,5,0,0
BRDA:138,5,1,1
BRDA:164,6,0,0
BRDA:164,6,1,0
BRDA:168,7,0,0
BRDA:168,7,1,0
BRDA:169,8,0,0
BRDA:169,8,1,0
BRDA:199,9,0,0
BRDA:199,9,1,1
BRF:20
BRH:9
end_of_record
TN:
SF:server\middleware\validateEnv.js
FN:14,(anonymous_0)
FNF:1
FNH:1
FNDA:2,(anonymous_0)
DA:3,1
DA:14,1
DA:15,2
DA:17,2
DA:18,1
DA:19,1
DA:22,1
DA:23,1
LF:8
LH:8
BRDA:17,0,0,1
BRDA:17,0,1,1
BRF:2
BRH:2
end_of_record
